demo-angular/platforms/android/app/build/outputs/logs/manifest-merger-F0-debug-report.txt
-- Merging decision tree log ---
manifest
ADDED from src\main\AndroidManifest.xml:2:1-43:12
	package
		ADDED from src\main\AndroidManifest.xml:3:2-40
		INJECTED from src\main\AndroidManifest.xml
		INJECTED from src\main\AndroidManifest.xml
	android:versionName
		ADDED from src\main\AndroidManifest.xml:5:2-27
		INJECTED from src\main\AndroidManifest.xml
		INJECTED from src\main\AndroidManifest.xml
	android:versionCode
		ADDED from src\main\AndroidManifest.xml:4:2-29
		INJECTED from src\main\AndroidManifest.xml
		INJECTED from src\main\AndroidManifest.xml
	xmlns:android
		ADDED from src\main\AndroidManifest.xml:2:11-69
supports-screens
ADDED from src\main\AndroidManifest.xml:7:2-11:33
	android:largeScreens
		ADDED from src\main\AndroidManifest.xml:10:3-30
	android:smallScreens
		ADDED from src\main\AndroidManifest.xml:8:3-30
	android:normalScreens
		ADDED from src\main\AndroidManifest.xml:9:3-31
	android:xlargeScreens
		ADDED from src\main\AndroidManifest.xml:11:3-31
uses-sdk
ADDED from src\main\AndroidManifest.xml:13:2-15:34
MERGED from [com.microsoft.appcenter:appcenter-analytics:1.4.0] AndroidManifest.xml:8:5-10:41
MERGED from [com.microsoft.appcenter:appcenter-crashes:1.4.0] AndroidManifest.xml:8:5-10:41
MERGED from [com.microsoft.appcenter:appcenter-distribute:1.4.0] AndroidManifest.xml:7:5-9:41
MERGED from [com.microsoft.appcenter:appcenter-push:1.4.0] AndroidManifest.xml:8:5-10:41
MERGED from [com.microsoft.appcenter:appcenter:1.4.0] AndroidManifest.xml:7:5-9:41
MERGED from [:nativescript-optimized:] AndroidManifest.xml:7:5-9:41
MERGED from [:widgets-release:] AndroidManifest.xml:7:5-9:41
MERGED from [com.android.support:design:26.0.0-alpha1] AndroidManifest.xml:21:5-23:62
MERGED from [com.android.support:appcompat-v7:26.0.0-alpha1] AndroidManifest.xml:21:5-23:78
MERGED from [com.android.support:animated-vector-drawable:26.0.0-alpha1] AndroidManifest.xml:20:5-44
MERGED from [com.android.support:support-vector-drawable:26.0.0-alpha1] AndroidManifest.xml:20:5-44
MERGED from [com.android.support:recyclerview-v7:26.0.0-alpha1] AndroidManifest.xml:20:5-44
MERGED from [com.android.support:transition:26.0.0-alpha1] AndroidManifest.xml:20:5-44
MERGED from [com.android.support:support-v4:26.0.0-alpha1] AndroidManifest.xml:21:5-23:54
MERGED from [com.android.support:support-media-compat:26.0.0-alpha1] AndroidManifest.xml:21:5-23:63
MERGED from [com.android.support:support-fragment:26.0.0-alpha1] AndroidManifest.xml:21:5-23:60
MERGED from [com.android.support:support-core-ui:26.0.0-alpha1] AndroidManifest.xml:21:5-23:58
MERGED from [com.android.support:support-core-utils:26.0.0-alpha1] AndroidManifest.xml:21:5-23:61
MERGED from [com.android.support:support-compat:26.0.0-alpha1] AndroidManifest.xml:21:5-23:58
	tools:overrideLibrary
		ADDED from [com.android.support:design:26.0.0-alpha1] AndroidManifest.xml:23:9-59
	android:targetSdkVersion
		ADDED from src\main\AndroidManifest.xml:15:3-32
		INJECTED from src\main\AndroidManifest.xml
		INJECTED from src\main\AndroidManifest.xml
	android:minSdkVersion
		ADDED from src\main\AndroidManifest.xml:14:3-29
		INJECTED from src\main\AndroidManifest.xml
		INJECTED from src\main\AndroidManifest.xml
uses-permission#android.permission.READ_EXTERNAL_STORAGE
ADDED from src\main\AndroidManifest.xml:17:2-76
	android:name
		ADDED from src\main\AndroidManifest.xml:17:19-74
uses-permission#android.permission.WRITE_EXTERNAL_STORAGE
ADDED from src\main\AndroidManifest.xml:18:2-77
	android:name
		ADDED from src\main\AndroidManifest.xml:18:19-75
uses-permission#android.permission.INTERNET
ADDED from src\main\AndroidManifest.xml:19:2-63
MERGED from [com.microsoft.appcenter:appcenter:1.4.0] AndroidManifest.xml:11:5-67
	android:name
		ADDED from src\main\AndroidManifest.xml:19:19-61
application
ADDED from src\main\AndroidManifest.xml:21:2-42:16
MERGED from [com.microsoft.appcenter:appcenter-distribute:1.4.0] AndroidManifest.xml:14:5-37:19
MERGED from [com.microsoft.appcenter:appcenter-push:1.4.0] AndroidManifest.xml:19:5-38:19
MERGED from [:widgets-release:] AndroidManifest.xml:11:5-12:19
MERGED from [com.android.support:design:26.0.0-alpha1] AndroidManifest.xml:29:5-20
MERGED from [com.android.support:appcompat-v7:26.0.0-alpha1] AndroidManifest.xml:29:5-20
MERGED from [com.android.support:animated-vector-drawable:26.0.0-alpha1] AndroidManifest.xml:26:5-20
MERGED from [com.android.support:support-vector-drawable:26.0.0-alpha1] AndroidManifest.xml:26:5-20
MERGED from [com.android.support:transition:26.0.0-alpha1] AndroidManifest.xml:26:5-20
MERGED from [com.android.support:support-v4:26.0.0-alpha1] AndroidManifest.xml:29:5-20
MERGED from [com.android.support:support-media-compat:26.0.0-alpha1] AndroidManifest.xml:29:5-20
MERGED from [com.android.support:support-fragment:26.0.0-alpha1] AndroidManifest.xml:29:5-20
MERGED from [com.android.support:support-core-ui:26.0.0-alpha1] AndroidManifest.xml:29:5-20
MERGED from [com.android.support:support-core-utils:26.0.0-alpha1] AndroidManifest.xml:29:5-20
MERGED from [com.android.support:support-compat:26.0.0-alpha1] AndroidManifest.xml:29:5-20
	android:label
		ADDED from src\main\AndroidManifest.xml:25:3-35
	android:allowBackup
		ADDED from src\main\AndroidManifest.xml:23:3-29
	android:icon
		ADDED from src\main\AndroidManifest.xml:24:3-32
	android:theme
		ADDED from src\main\AndroidManifest.xml:26:3-34
	android:name
		ADDED from src\main\AndroidManifest.xml:22:3-49
activity#com.tns.NativeScriptActivity
ADDED from src\main\AndroidManifest.xml:28:3-40:14
	android:label
		ADDED from src\main\AndroidManifest.xml:30:4-49
	android:configChanges
		ADDED from src\main\AndroidManifest.xml:31:4-65
	android:theme
		ADDED from src\main\AndroidManifest.xml:32:4-44
	android:name
		ADDED from src\main\AndroidManifest.xml:29:4-47
meta-data#SET_THEME_ON_LAUNCH
ADDED from src\main\AndroidManifest.xml:34:4-87
	android:resource
		ADDED from src\main\AndroidManifest.xml:34:50-84
	android:name
		ADDED from src\main\AndroidManifest.xml:34:15-49
intent-filter#android.intent.action.MAIN+android.intent.category.LAUNCHER
ADDED from src\main\AndroidManifest.xml:36:4-39:20
action#android.intent.action.MAIN
ADDED from src\main\AndroidManifest.xml:37:5-57
	android:name
		ADDED from src\main\AndroidManifest.xml:37:13-54
category#android.intent.category.LAUNCHER
ADDED from src\main\AndroidManifest.xml:38:5-65
	android:name
		ADDED from src\main\AndroidManifest.xml:38:15-62
activity#com.tns.ErrorReportActivity
ADDED from src\main\AndroidManifest.xml:41:3-57
	android:name
		ADDED from src\main\AndroidManifest.xml:41:13-55
uses-permission#android.permission.REQUEST_INSTALL_PACKAGES
ADDED from [com.microsoft.appcenter:appcenter-distribute:1.4.0] AndroidManifest.xml:11:5-83
	android:name
		ADDED from [com.microsoft.appcenter:appcenter-distribute:1.4.0] AndroidManifest.xml:11:22-80
uses-permission#android.permission.DOWNLOAD_WITHOUT_NOTIFICATION
ADDED from [com.microsoft.appcenter:appcenter-distribute:1.4.0] AndroidManifest.xml:12:5-88
	android:name
		ADDED from [com.microsoft.appcenter:appcenter-distribute:1.4.0] AndroidManifest.xml:12:22-85
activity#com.microsoft.appcenter.distribute.DeepLinkActivity
ADDED from [com.microsoft.appcenter:appcenter-distribute:1.4.0] AndroidManifest.xml:15:9-29:20
	android:theme
		ADDED from [com.microsoft.appcenter:appcenter-distribute:1.4.0] AndroidManifest.xml:17:13-59
	android:name
		ADDED from [com.microsoft.appcenter:appcenter-distribute:1.4.0] AndroidManifest.xml:16:13-79
intent-filter#android.intent.action.VIEW+android.intent.category.BROWSABLE+android.intent.category.DEFAULT
ADDED from [com.microsoft.appcenter:appcenter-distribute:1.4.0] AndroidManifest.xml:18:13-28:29
action#android.intent.action.VIEW
ADDED from [com.microsoft.appcenter:appcenter-distribute:1.4.0] AndroidManifest.xml:19:17-69
	android:name
		ADDED from [com.microsoft.appcenter:appcenter-distribute:1.4.0] AndroidManifest.xml:19:25-66
category#android.intent.category.DEFAULT
ADDED from [com.microsoft.appcenter:appcenter-distribute:1.4.0] AndroidManifest.xml:21:17-76
	android:name
		ADDED from [com.microsoft.appcenter:appcenter-distribute:1.4.0] AndroidManifest.xml:21:27-73
category#android.intent.category.BROWSABLE
ADDED from [com.microsoft.appcenter:appcenter-distribute:1.4.0] AndroidManifest.xml:22:17-78
	android:name
		ADDED from [com.microsoft.appcenter:appcenter-distribute:1.4.0] AndroidManifest.xml:22:27-75
data
ADDED from [com.microsoft.appcenter:appcenter-distribute:1.4.0] AndroidManifest.xml:24:17-27:50
	android:path
		ADDED from [com.microsoft.appcenter:appcenter-distribute:1.4.0] AndroidManifest.xml:26:21-37
	android:host
		ADDED from [com.microsoft.appcenter:appcenter-distribute:1.4.0] AndroidManifest.xml:25:21-43
	android:scheme
		ADDED from [com.microsoft.appcenter:appcenter-distribute:1.4.0] AndroidManifest.xml:27:21-47
receiver#com.microsoft.appcenter.distribute.DownloadManagerReceiver
ADDED from [com.microsoft.appcenter:appcenter-distribute:1.4.0] AndroidManifest.xml:31:9-36:20
	android:name
		ADDED from [com.microsoft.appcenter:appcenter-distribute:1.4.0] AndroidManifest.xml:31:19-92
intent-filter#android.intent.action.DOWNLOAD_COMPLETE+android.intent.action.DOWNLOAD_NOTIFICATION_CLICKED
ADDED from [com.microsoft.appcenter:appcenter-distribute:1.4.0] AndroidManifest.xml:32:13-35:29
action#android.intent.action.DOWNLOAD_COMPLETE
ADDED from [com.microsoft.appcenter:appcenter-distribute:1.4.0] AndroidManifest.xml:33:17-82
	android:name
		ADDED from [com.microsoft.appcenter:appcenter-distribute:1.4.0] AndroidManifest.xml:33:25-79
action#android.intent.action.DOWNLOAD_NOTIFICATION_CLICKED
ADDED from [com.microsoft.appcenter:appcenter-distribute:1.4.0] AndroidManifest.xml:34:17-94
	android:name
		ADDED from [com.microsoft.appcenter:appcenter-distribute:1.4.0] AndroidManifest.xml:34:25-91
uses-permission#com.google.android.c2dm.permission.RECEIVE
ADDED from [com.microsoft.appcenter:appcenter-push:1.4.0] AndroidManifest.xml:12:5-82
	android:name
		ADDED from [com.microsoft.appcenter:appcenter-push:1.4.0] AndroidManifest.xml:12:22-79
uses-permission#${applicationId}.permission.C2D_MESSAGE
ADDED from [com.microsoft.appcenter:appcenter-push:1.4.0] AndroidManifest.xml:13:5-79
	android:name
		ADDED from [com.microsoft.appcenter:appcenter-push:1.4.0] AndroidManifest.xml:13:22-76
permission#${applicationId}.permission.C2D_MESSAGE
ADDED from [com.microsoft.appcenter:appcenter-push:1.4.0] AndroidManifest.xml:15:5-17:47
	android:protectionLevel
		ADDED from [com.microsoft.appcenter:appcenter-push:1.4.0] AndroidManifest.xml:17:9-44
	android:name
		ADDED from [com.microsoft.appcenter:appcenter-push:1.4.0] AndroidManifest.xml:16:9-63
receiver#com.microsoft.appcenter.push.PushReceiver
ADDED from [com.microsoft.appcenter:appcenter-push:1.4.0] AndroidManifest.xml:20:9-29:20
	android:permission
		ADDED from [com.microsoft.appcenter:appcenter-push:1.4.0] AndroidManifest.xml:22:13-73
	android:name
		ADDED from [com.microsoft.appcenter:appcenter-push:1.4.0] AndroidManifest.xml:21:13-69
intent-filter#${applicationId}+com.google.android.c2dm.intent.RECEIVE+com.google.android.c2dm.intent.REGISTRATION
ADDED from [com.microsoft.appcenter:appcenter-push:1.4.0] AndroidManifest.xml:23:13-28:29
action#com.google.android.c2dm.intent.REGISTRATION
ADDED from [com.microsoft.appcenter:appcenter-push:1.4.0] AndroidManifest.xml:24:17-86
	android:name
		ADDED from [com.microsoft.appcenter:appcenter-push:1.4.0] AndroidManifest.xml:24:25-83
action#com.google.android.c2dm.intent.RECEIVE
ADDED from [com.microsoft.appcenter:appcenter-push:1.4.0] AndroidManifest.xml:25:17-81
	android:name
		ADDED from [com.microsoft.appcenter:appcenter-push:1.4.0] AndroidManifest.xml:25:25-78
category#${applicationId}
ADDED from [com.microsoft.appcenter:appcenter-push:1.4.0] AndroidManifest.xml:27:17-61
	android:name
		ADDED from [com.microsoft.appcenter:appcenter-push:1.4.0] AndroidManifest.xml:27:27-58
service#com.microsoft.appcenter.push.TokenService
ADDED from [com.microsoft.appcenter:appcenter-push:1.4.0] AndroidManifest.xml:31:9-37:19
	tools:ignore
		ADDED from [com.microsoft.appcenter:appcenter-push:1.4.0] AndroidManifest.xml:33:13-43
	android:name
		ADDED from [com.microsoft.appcenter:appcenter-push:1.4.0] AndroidManifest.xml:32:13-69
intent-filter#com.google.firebase.INSTANCE_ID_EVENT
ADDED from [com.microsoft.appcenter:appcenter-push:1.4.0] AndroidManifest.xml:34:13-36:29
action#com.google.firebase.INSTANCE_ID_EVENT
ADDED from [com.microsoft.appcenter:appcenter-push:1.4.0] AndroidManifest.xml:35:17-80
	android:name
		ADDED from [com.microsoft.appcenter:appcenter-push:1.4.0] AndroidManifest.xml:35:25-77
uses-permission#android.permission.ACCESS_NETWORK_STATE
ADDED from [com.microsoft.appcenter:appcenter:1.4.0] AndroidManifest.xml:12:5-79
	android:name
		ADDED from [com.microsoft.appcenter:appcenter:1.4.0] AndroidManifest.xml:12:22-76
meta-data#android.support.VERSION
ADDED from [com.android.support:design:26.0.0-alpha1] AndroidManifest.xml:25:5-27:41
MERGED from [com.android.support:appcompat-v7:26.0.0-alpha1] AndroidManifest.xml:25:5-27:41
MERGED from [com.android.support:animated-vector-drawable:26.0.0-alpha1] AndroidManifest.xml:22:5-24:41
MERGED from [com.android.support:support-vector-drawable:26.0.0-alpha1] AndroidManifest.xml:22:5-24:41
MERGED from [com.android.support:recyclerview-v7:26.0.0-alpha1] AndroidManifest.xml:22:5-24:41
MERGED from [com.android.support:transition:26.0.0-alpha1] AndroidManifest.xml:22:5-24:41
MERGED from [com.android.support:support-v4:26.0.0-alpha1] AndroidManifest.xml:25:5-27:41
MERGED from [com.android.support:support-media-compat:26.0.0-alpha1] AndroidManifest.xml:25:5-27:41
MERGED from [com.android.support:support-fragment:26.0.0-alpha1] AndroidManifest.xml:25:5-27:41
MERGED from [com.android.support:support-core-ui:26.0.0-alpha1] AndroidManifest.xml:25:5-27:41
MERGED from [com.android.support:support-core-utils:26.0.0-alpha1] AndroidManifest.xml:25:5-27:41
MERGED from [com.android.support:support-compat:26.0.0-alpha1] AndroidManifest.xml:25:5-27:41
	android:value
		ADDED from [com.android.support:design:26.0.0-alpha1] AndroidManifest.xml:27:9-38
	android:name
		ADDED from [com.android.support:design:26.0.0-alpha1] AndroidManifest.xml:26:9-47